11/05/2017 20:09:12,937 DEBUG [RestPushServiceImpl] - 

 ........RestPushServiceImpl() ........


11/05/2017 20:09:13,423 DEBUG [RestPushServiceImpl] - 

 ........RestPushServiceImpl() ........


11/05/2017 20:09:13,937 DEBUG [RestPushServiceImpl] - 
 param1 = 20 .. param2 = 16
11/05/2017 20:09:13,983 DEBUG [GCDSoapServiceImpl] - Computing GCD for param1:16 param2:20
11/05/2017 20:16:30,005 DEBUG [RestPushServiceImpl] - 

 ........RestPushServiceImpl() ........


11/05/2017 20:16:30,374 DEBUG [RestPushServiceImpl] - 

 ........RestPushServiceImpl() ........


11/05/2017 20:16:30,843 DEBUG [RestPushServiceImpl] - 
 param1 = 20 .. param2 = 16
11/05/2017 20:16:30,893 DEBUG [GCDSoapServiceImpl] - Computing GCD for param1:16 param2:20
12/05/2017 21:10:16,353 DEBUG [RestPushServiceImpl] - 

 ........RestPushServiceImpl() ........


12/05/2017 21:10:16,883 DEBUG [RestPushServiceImpl] - 

 ........RestPushServiceImpl() ........


12/05/2017 21:10:17,518 DEBUG [RestPushServiceImpl] - 
 param1 = 20 .. param2 = 16
12/05/2017 21:10:17,603 DEBUG [GCDSoapServiceImpl] - Computing GCD for param1:16 param2:20
12/05/2017 21:39:16,947 DEBUG [RestPushServiceImpl] - 

 ........RestPushServiceImpl() ........


12/05/2017 21:39:17,391 DEBUG [RestPushServiceImpl] - 

 ........RestPushServiceImpl() ........


12/05/2017 21:39:17,880 DEBUG [RestPushServiceImpl] - 
 param1 = 20 .. param2 = 16
12/05/2017 21:39:17,989 DEBUG [GCDSoapServiceImpl] - Computing GCD for param1:16 param2:20
12/05/2017 21:53:13,043 DEBUG [RestPushServiceImpl] - 

 ........RestPushServiceImpl() ........


12/05/2017 21:53:13,557 DEBUG [RestPushServiceImpl] - 

 ........RestPushServiceImpl() ........


12/05/2017 21:53:14,049 DEBUG [RestPushServiceImpl] - 
 param1 = 20 .. param2 = 16
12/05/2017 21:53:14,125 DEBUG [GCDSoapServiceImpl] - Computing GCD for param1:16 param2:20
12/05/2017 22:06:02,852 DEBUG [RestPushServiceImpl] - 

 ........RestPushServiceImpl() ........


12/05/2017 22:06:03,228 DEBUG [RestPushServiceImpl] - 

 ........RestPushServiceImpl() ........


12/05/2017 22:06:03,737 DEBUG [RestPushServiceImpl] - 
 param1 = 20 .. param2 = 16
12/05/2017 22:06:03,780 DEBUG [GCDSoapServiceImpl] - Computing GCD for param1:16 param2:20
12/05/2017 22:13:08,967 DEBUG [RestPushServiceImpl] - 

 ........RestPushServiceImpl() ........


12/05/2017 22:13:09,367 DEBUG [RestPushServiceImpl] - 

 ........RestPushServiceImpl() ........


12/05/2017 22:13:09,802 DEBUG [RestPushServiceImpl] - 
 param1 = 20 .. param2 = 16
12/05/2017 22:13:09,857 DEBUG [GCDSoapServiceImpl] - Computing GCD for param1:16 param2:20
12/05/2017 22:20:54,809 DEBUG [RestPushServiceImpl] - 

 ........RestPushServiceImpl() ........


12/05/2017 22:20:55,202 DEBUG [RestPushServiceImpl] - 

 ........RestPushServiceImpl() ........


12/05/2017 22:20:55,690 DEBUG [RestPushServiceImpl] - 
 param1 = 20 .. param2 = 16
12/05/2017 22:20:55,741 DEBUG [GCDSoapServiceImpl] - Computing GCD for param1:16 param2:20
12/05/2017 22:59:06,098 DEBUG [RestPushServiceImpl] - 

 ........RestPushServiceImpl() ........


12/05/2017 22:59:06,540 DEBUG [RestPushServiceImpl] - 

 ........RestPushServiceImpl() ........


12/05/2017 22:59:07,110 DEBUG [RestPushServiceImpl] - 
 parameter1 = 20 .. parameter2 = 16
12/05/2017 22:59:07,167 DEBUG [GCDSoapServiceImpl] - Computing GCD for param1:16 param2:20
12/05/2017 23:00:34,216 DEBUG [RestPushServiceImpl] - 

 ........RestPushServiceImpl() ........


12/05/2017 23:00:34,642 DEBUG [RestPushServiceImpl] - 

 ........RestPushServiceImpl() ........


12/05/2017 23:00:35,090 DEBUG [RestPushServiceImpl] - 
 parameter1 = 20 .. parameter2 = 16
12/05/2017 23:00:35,147 DEBUG [GCDSoapServiceImpl] - Computing GCD for param1:16 param2:20
13/05/2017 00:21:10,703 DEBUG [RestPushServiceImpl] - 

 ........RestPushServiceImpl() ........


13/05/2017 00:21:11,137 DEBUG [RestPushServiceImpl] - 

 ........RestPushServiceImpl() ........


13/05/2017 00:21:11,641 DEBUG [RestPushServiceImpl] - 
 parameter1 = 20 .. parameter2 = 16
13/05/2017 00:21:11,683 DEBUG [GCDSoapServiceImpl] - Computing GCD for param1:16 param2:20
13/05/2017 00:42:14,718 DEBUG [RestPushServiceImpl] - 

 ........RestPushServiceImpl() ........


13/05/2017 00:42:15,304 DEBUG [RestPushServiceImpl] - 

 ........RestPushServiceImpl() ........


13/05/2017 00:42:15,896 DEBUG [RestPushServiceImpl] - 
 parameter1 = 20 .. parameter2 = 16
13/05/2017 00:42:15,977 DEBUG [GCDSoapServiceImpl] - Computing GCD for param1:16 param2:20
13/05/2017 00:58:17,106 DEBUG [RestPushServiceImpl] - 
 parameter1 = 20 .. parameter2 = 16
13/05/2017 00:58:17,164 DEBUG [GCDSoapServiceImpl] - Computing GCD for param1:16 param2:20
13/05/2017 01:12:54,828 DEBUG [GCDRestServiceImpl] - 
 parameter1 = 20 .. parameter2 = 16
13/05/2017 01:12:54,894 DEBUG [GCDSoapServiceImpl] - Computing GCD for param1:16 param2:20
13/05/2017 01:32:30,985 DEBUG [GCDRestServiceImpl] - 
 parameter1 = 20 .. parameter2 = 16
13/05/2017 01:32:31,048 DEBUG [GCDSoapServiceImpl] - Computing GCD for param1:16 param2:20
13/05/2017 11:22:08,738 DEBUG [GCDRestServiceImpl] - 
 parameter1 = 20 .. parameter2 = 16
13/05/2017 11:22:08,809 DEBUG [GCDSoapServiceImpl] - Computing GCD for param1:16 param2:20
